\BOOKMARK [0][-]{chapter.0}{\376\377\000C\000e\000n\000n\000i\000\040\000d\000i\000\040\000A\000n\000a\000l\000i\000s\000i\000\040\000I\000\040\000e\000\040\000A\000l\000g\000e\000b\000r\000a\000\040\000L\000i\000n\000e\000a\000r\000e}{}% 1
\BOOKMARK [1][-]{section.0.1}{\376\377\000R\000e\000g\000o\000l\000e\000\040\000d\000i\000\040\000i\000n\000t\000e\000g\000r\000a\000z\000i\000o\000n\000e\000\040\000e\000\040\000d\000e\000r\000i\000v\000a\000z\000i\000o\000n\000e}{chapter.0}% 2
\BOOKMARK [1][-]{section.0.2}{\376\377\000S\000e\000r\000i\000e\000\040\000n\000u\000m\000e\000r\000i\000c\000h\000e}{chapter.0}% 3
\BOOKMARK [1][-]{section.0.3}{\376\377\000D\000e\000t\000e\000r\000m\000i\000n\000a\000n\000t\000e\000\040\000d\000i\000\040\000u\000n\000a\000\040\000m\000a\000t\000r\000i\000c\000e}{chapter.0}% 4
\BOOKMARK [0][-]{chapter.1}{\376\377\000E\000q\000u\000a\000z\000i\000o\000n\000i\000\040\000d\000i\000f\000f\000e\000r\000e\000n\000z\000i\000a\000l\000i}{}% 5
\BOOKMARK [1][-]{section.1.1}{\376\377\000E\000q\000u\000a\000z\000i\000o\000n\000i\000\040\000d\000i\000f\000f\000e\000r\000e\000n\000z\000i\000a\000l\000i\000\040\000d\000e\000l\000\040\0001\000\260\000\040\000o\000r\000d\000i\000n\000e}{chapter.1}% 6
\BOOKMARK [2][-]{subsection.1.1.1}{\376\377\000S\000o\000l\000u\000z\000i\000o\000n\000i\000\040\000c\000o\000s\000t\000a\000n\000t\000i\000\040\000d\000i\000\040\000E\000D\000O\000\040\000d\000e\000l\000\040\0001\000\260\000\040\000o\000r\000d\000i\000n\000e}{section.1.1}% 7
\BOOKMARK [2][-]{subsection.1.1.2}{\376\377\000E\000D\000O\000\040\000a\000\040\000v\000a\000r\000i\000a\000b\000i\000l\000i\000\040\000s\000e\000p\000a\000r\000a\000b\000i\000l\000i}{section.1.1}% 8
\BOOKMARK [2][-]{subsection.1.1.3}{\376\377\000P\000r\000o\000b\000l\000e\000m\000a\000\040\000d\000i\000\040\000C\000a\000u\000c\000h\000y}{section.1.1}% 9
\BOOKMARK [2][-]{subsection.1.1.4}{\376\377\000C\000o\000m\000e\000\040\000s\000i\000\040\000r\000i\000s\000o\000l\000v\000e\000?}{section.1.1}% 10
\BOOKMARK [2][-]{subsection.1.1.5}{\376\377\000E\000D\000O\000\040\0001\000\260\000\040\000o\000r\000d\000i\000n\000e\000\040\000l\000i\000n\000e\000a\000r\000i}{section.1.1}% 11
\BOOKMARK [2][-]{subsection.1.1.6}{\376\377\000P\000r\000i\000n\000c\000i\000p\000i\000o\000\040\000d\000i\000\040\000s\000o\000v\000r\000a\000p\000p\000o\000s\000i\000z\000i\000o\000n\000e}{section.1.1}% 12
\BOOKMARK [2][-]{subsection.1.1.7}{\376\377\000E\000s\000i\000s\000t\000e\000n\000z\000a\000\040\000e\000\040\000u\000n\000i\000c\000i\000t\000\340\000\040\000g\000l\000o\000b\000a\000l\000e\000\040\000d\000i\000\040\000C\000a\000u\000c\000h\000y}{section.1.1}% 13
\BOOKMARK [2][-]{subsection.1.1.8}{\376\377\000T\000e\000o\000r\000e\000m\000a\000\040\000F\000o\000r\000m\000u\000l\000a\000\040\000r\000i\000s\000o\000l\000u\000t\000i\000v\000a\000\040\000p\000e\000r\000\040\000E\000D\000O\000\040\000l\000i\000n\000e\000a\000r\000i\000\040\0001\000\260\000\040\000o\000r\000d\000i\000n\000e}{section.1.1}% 14
\BOOKMARK [2][-]{subsection.1.1.9}{\376\377\000E\000q\000u\000a\000z\000i\000o\000n\000e\000\040\000d\000i\000\040\000B\000e\000r\000n\000o\000u\000l\000l\000i}{section.1.1}% 15
\BOOKMARK [2][-]{subsection.1.1.10}{\376\377\000E\000q\000u\000a\000z\000i\000o\000n\000e\000\040\000L\000o\000g\000i\000s\000t\000i\000c\000a}{section.1.1}% 16
\BOOKMARK [1][-]{section.1.2}{\376\377\000E\000D\000O\000\040\0002\000\260\000\040\000o\000r\000d\000i\000n\000e\000\040\000l\000i\000n\000e\000a\000r\000i}{chapter.1}% 17
\BOOKMARK [2][-]{subsection.1.2.1}{\376\377\000T\000e\000o\000r\000e\000m\000a\000\040\000d\000i\000\040\000s\000t\000r\000u\000t\000t\000u\000r\000a\000\040\000d\000e\000l\000l\000'\000i\000n\000t\000e\000g\000r\000a\000l\000e\000\040\000g\000e\000n\000e\000r\000a\000l\000e\000\040\000d\000i\000\040\000E\000D\000O\000\040\000d\000e\000l\000\040\0002\000\260\000\040\000o\000r\000d\000i\000n\000e\000\040\000l\000i\000n\000e\000a\000r\000i\000\040\000o\000m\000o\000g\000e\000n\000e\000e}{section.1.2}% 18
\BOOKMARK [2][-]{subsection.1.2.2}{\376\377\000S\000t\000r\000u\000t\000t\000u\000r\000a\000\040\000d\000e\000l\000l\000'\000i\000n\000t\000e\000g\000r\000a\000l\000e\000\040\000g\000e\000n\000e\000r\000a\000l\000e\000\040\000d\000i\000\040\000E\000D\000O\000\040\000d\000e\000l\000\040\0002\000\260\000\040\000o\000r\000d\000i\000n\000e\000\040\000l\000i\000n\000e\000a\000r\000i\000\040\000n\000o\000n\000\040\000o\000m\000o\000g\000e\000n\000e\000e}{section.1.2}% 19
\BOOKMARK [1][-]{section.1.3}{\376\377\000S\000i\000s\000t\000e\000m\000i\000\040\000d\000i\000f\000f\000e\000r\000e\000n\000z\000i\000a\000l\000i\000\040\000l\000i\000n\000e\000a\000r\000i}{chapter.1}% 20
\BOOKMARK [2][-]{subsection.1.3.1}{\376\377\000R\000i\000s\000u\000l\000t\000a\000t\000i\000\040\000t\000e\000o\000r\000i\000c\000i}{section.1.3}% 21
\BOOKMARK [1][-]{section.1.4}{\376\377\000S\000i\000s\000t\000e\000m\000i\000\040\000n\000o\000n\000\040\000o\000m\000o\000g\000e\000n\000e\000i}{chapter.1}% 22
\BOOKMARK [2][-]{subsection.1.4.1}{\376\377\000S\000t\000r\000u\000t\000t\000u\000r\000a\000\040\000d\000e\000l\000l\000'\000i\000n\000t\000.\000\040\000g\000e\000n\000.\000\040\000d\000e\000i\000\040\000s\000i\000s\000t\000e\000m\000i\000\040\000n\000o\000n\000\040\000o\000m\000o\000g\000e\000n\000e\000i}{section.1.4}% 23
\BOOKMARK [0][-]{chapter.2}{\376\377\000S\000e\000r\000i\000e\000\040\000d\000i\000\040\000f\000u\000n\000z\000i\000o\000n\000i}{}% 24
\BOOKMARK [1][-]{section.2.1}{\376\377\000G\000e\000n\000e\000r\000a\000l\000i\000t\000\340\000\040\000s\000u\000l\000l\000e\000\040\000s\000e\000r\000i\000e\000\040\000d\000i\000\040\000f\000u\000n\000z\000i\000o\000n\000i}{chapter.2}% 25
\BOOKMARK [2][-]{subsection.2.1.1}{\376\377\000C\000o\000n\000v\000e\000r\000g\000e\000n\000z\000a\000\040\000t\000o\000t\000a\000l\000e\000\040\000d\000i\000\040\000u\000n\000a\000\040\000s\000e\000r\000i\000e\000\040\000d\000i\000\040\000f\000u\000n\000z\000i\000o\000n\000i}{section.2.1}% 26
\BOOKMARK [1][-]{section.2.2}{\376\377\000s\000e\000r\000i\000e\000\040\000d\000i\000\040\000p\000o\000t\000e\000n\000z\000e}{chapter.2}% 27
\BOOKMARK [1][-]{section.2.3}{\376\377\000s\000e\000r\000i\000e\000\040\000d\000i\000\040\000F\000o\000u\000r\000i\000e\000r}{chapter.2}% 28
